Arguments: 
  /usr/local/bin/node /usr/local/bin/yarn run build

PATH: 
  /Users/sfeibus/fs/hacks/social-hybrid/node_modules/.bin:/Users/sfeibus/fs/hacks/node_modules/.bin:/Users/sfeibus/fs/node_modules/.bin:/Users/sfeibus/node_modules/.bin:/Users/node_modules/.bin:/node_modules/.bin:/usr/local/bin:/usr/local/lib/node_modules/npm/node_modules/npm-lifecycle/node-gyp-bin:/Users/sfeibus/fs/hacks/social-hybrid/node_modules/.bin:/Users/sfeibus/.rvm/gems/ruby-2.3.0/bin:/Users/sfeibus/.rvm/gems/ruby-2.3.0@global/bin:/Users/sfeibus/.rvm/rubies/ruby-2.3.0/bin:/Users/sfeibus/.yarn/bin:/Users/sfeibus/.config/yarn/global/node_modules/.bin:/Users/sfeibus/.cargo/bin:/usr/local/bin:/usr/bin:/bin:/usr/sbin:/sbin:/usr/local/go/bin:/opt/X11/bin:/usr/local/git/bin:/Applications/Postgres.app/Contents/Versions/latest/bin:/Users/sfeibus/.rvm/bin

Yarn version: 
  1.5.1

Node version: 
  9.5.0

Platform: 
  darwin x64

npm manifest: 
  {
    "name": "social-app",
    "version": "1.0.0",
    "description": "",
    "dependencies": {
      "@aragon/client": "^1.0.0-beta.8",
      "@aragon/os": "3.1.9",
      "@aragon/ui": "^0.11.0",
      "apollo-cache-inmemory": "^1.2.1",
      "apollo-client": "^2.3.1",
      "apollo-client-preset": "^1.0.8",
      "apollo-link-http": "^1.5.4",
      "apollo-server-express": "^1.3.6",
      "body-parser": "^1.18.3",
      "cors": "^2.8.4",
      "express": "^4.16.3",
      "graphql": "^0.13.2",
      "graphql-tag": "^2.9.2",
      "graphql-tools": "^3.0.2",
      "lodash.sortedindexby": "^4.6.0",
      "moment": "^2.22.1",
      "node-fetch": "^2.1.2",
      "react": "^16.3.2",
      "react-apollo": "^2.1.4",
      "react-dom": "^16.3.2",
      "styled-components": "^3.2.6"
    },
    "devDependencies": {
      "@aragon/cli": "^4.0.6",
      "babel-plugin-styled-components": "^1.5.1",
      "babel-plugin-transform-runtime": "^6.23.0",
      "babel-preset-env": "^1.6.1",
      "babel-preset-stage-2": "^6.24.1",
      "parcel-bundler": "^1.8.1",
      "truffle": "4.0.5"
    },
    "scripts": {
      "start": "aragon run",
      "proxy": "node server/index.js",
      "test": "aragon contracts test",
      "compile": "aragon contracts compile",
      "sync-assets": "mkdir -p dist; rsync -rtu \"$(dirname $(node -p 'require.resolve(\"@aragon/ui\")'))/\" dist/aragon-ui",
      "build:app": "parcel build app/index.html -d dist/ --public-url '.'",
      "build:script": "parcel build app/script.js -d dist/",
      "build": "npm run compile && npm run sync-assets && npm run build:app && npm run build:script",
      "publish": "aragon publish"
    },
    "keywords": [],
    "license": "GPL-3.0"
  }

yarn manifest: 
  No manifest

Lockfile: 
  No lockfile

Trace: 
  Error: Command failed.
  Exit code: 1
  Command: sh
  Arguments: -c npm run compile && npm run sync-assets && npm run build:app && npm run build:script
  Directory: /Users/sfeibus/fs/hacks/social-hybrid
  Output:
  
      at ProcessTermError.MessageError (/usr/local/lib/node_modules/yarn/lib/cli.js:186:110)
      at new ProcessTermError (/usr/local/lib/node_modules/yarn/lib/cli.js:226:113)
      at ChildProcess.<anonymous> (/usr/local/lib/node_modules/yarn/lib/cli.js:30281:17)
      at ChildProcess.emit (events.js:160:13)
      at maybeClose (internal/child_process.js:943:16)
      at Process.ChildProcess._handle.onexit (internal/child_process.js:220:5)
